#
# There is insufficient memory for the Java Runtime Environment to continue.
# Native memory allocation (malloc) failed to allocate 443536 bytes for Chunk::new
# Possible reasons:
#   The system is out of physical RAM or swap space
#   The process is running with CompressedOops enabled, and the Java Heap may be blocking the growth of the native heap
# Possible solutions:
#   Reduce memory load on the system
#   Increase physical memory or swap space
#   Check if swap backing store is full
#   Decrease Java heap size (-Xmx/-Xms)
#   Decrease number of Java threads
#   Decrease Java thread stack sizes (-Xss)
#   Set larger code cache with -XX:ReservedCodeCacheSize=
#   JVM is running with Unscaled Compressed Oops mode in which the Java heap is
#     placed in the first 4GB address space. The Java Heap base address is the
#     maximum limit for the native heap growth. Please use -XX:HeapBaseMinAddress
#     to set the Java Heap base and to place the Java Heap above 4GB virtual address.
# This output file may be truncated or incomplete.
#
#  Out of Memory Error (allocation.cpp:389), pid=46900, tid=0x000000000000bb48
#
# JRE version: Java(TM) SE Runtime Environment (8.0_221-b11) (build 1.8.0_221-b11)
# Java VM: Java HotSpot(TM) 64-Bit Server VM (25.221-b11 mixed mode windows-amd64 compressed oops)
# Failed to write core dump. Minidumps are not enabled by default on client versions of Windows
#

---------------  T H R E A D  ---------------

Current thread (0x0000000016e31800):  JavaThread "C2 CompilerThread1" daemon [_thread_in_native, id=47944, stack(0x0000000018550000,0x0000000018650000)]

Stack: [0x0000000018550000,0x0000000018650000]
[error occurred during error reporting (printing stack bounds), id 0xc0000005]

Native frames: (J=compiled Java code, j=interpreted, Vv=VM code, C=native code)


Current CompileTask:
C2:   5536 1591   !   4       java.lang.ClassLoader::loadClass (122 bytes)


---------------  P R O C E S S  ---------------

Java Threads: ( => current thread )
  0x0000000016e4e000 JavaThread "Service Thread" daemon [_thread_blocked, id=41596, stack(0x0000000018b50000,0x0000000018c50000)]
  0x0000000018658800 JavaThread "C1 CompilerThread2" daemon [_thread_blocked, id=51964, stack(0x0000000018a50000,0x0000000018b50000)]
=>0x0000000016e31800 JavaThread "C2 CompilerThread1" daemon [_thread_in_native, id=47944, stack(0x0000000018550000,0x0000000018650000)]
  0x0000000016df1000 JavaThread "C2 CompilerThread0" daemon [_thread_blocked, id=37548, stack(0x0000000018450000,0x0000000018550000)]
  0x0000000016def800 JavaThread "Attach Listener" daemon [_thread_blocked, id=49020, stack(0x0000000018350000,0x0000000018450000)]
  0x0000000016dee000 JavaThread "Signal Dispatcher" daemon [_thread_blocked, id=11548, stack(0x0000000018250000,0x0000000018350000)]
  0x000000000233b800 JavaThread "Finalizer" daemon [_thread_blocked, id=48360, stack(0x0000000018050000,0x0000000018150000)]
  0x0000000002333000 JavaThread "Reference Handler" daemon [_thread_blocked, id=50332, stack(0x0000000017f50000,0x0000000018050000)]
  0x0000000002243000 JavaThread "main" [_thread_in_native, id=44000, stack(0x0000000000940000,0x0000000000a40000)]

Other Threads:
  0x0000000016db7000 VMThread [stack: 0x0000000017e50000,0x0000000017f50000] [id=41572]
  0x000000001865c800 WatcherThread [stack: 0x0000000018c50000,0x0000000018d50000] [id=40368]

VM state:not at safepoint (normal execution)

VM Mutex/Monitor currently owned by a thread: None

heap address: 0x0000000083600000, size: 1994 MB, Compressed Oops mode: 32-bit
Narrow klass base: 0x0000000000000000, Narrow klass shift: 3
Compressed class space size: 1073741824 Address: 0x0000000100000000

Heap:
 PSYoungGen      total 37888K, used 26411K [0x00000000d6780000, 0x00000000db180000, 0x0000000100000000)
  eden space 32768K, 64% used [0x00000000d6780000,0x00000000d7c4be98,0x00000000d8780000)
  from space 5120K, 99% used [0x00000000d8c80000,0x00000000d917f108,0x00000000d9180000)
  to   space 5120K, 0% used [0x00000000d8780000,0x00000000d8780000,0x00000000d8c80000)
 ParOldGen       total 86016K, used 7250K [0x0000000083600000, 0x0000000088a00000, 0x00000000d6780000)
  object space 86016K, 8% used [0x0000000083600000,0x0000000083d14ae0,0x0000000088a00000)
 Metaspace       used 20442K, capacity 20864K, committed 20992K, reserved 1067008K
  class space    used 2395K, capacity 2536K, committed 2560K, reserved 1048576K

Card table byte_map: [0x0000000011780000,0x0000000011b70000] byte_map_base: 0x0000000011365000

Marking Bits: (ParMarkBitMap*) 0x0000000069f45ce0
 Begin Bits: [0x0000000012210000, 0x0000000014138000)
 End Bits:   [0x0000000014138000, 0x0000000016060000)

Polling page: 0x0000000000a40000

CodeCache: size=245760Kb used=5190Kb max_used=5190Kb free=240569Kb
 bounds [0x00000000023c0000, 0x00000000028e0000, 0x00000000113c0000]
 total_blobs=2038 nmethods=1604 adapters=347
 compilation: enabled

Compilation events (10 events):
Event: 4.813 Thread 0x0000000018658800 1600       3       jdk.internal.org.objectweb.asm.MethodWriter::getSize (838 bytes)
Event: 4.818 Thread 0x0000000018658800 nmethod 1600 0x00000000028cff10 code [0x00000000028d0380, 0x00000000028d2768]
Event: 4.818 Thread 0x0000000018658800 1598       3       jdk.internal.org.objectweb.asm.MethodVisitor::<init> (7 bytes)
Event: 4.818 Thread 0x0000000018658800 nmethod 1598 0x00000000028bbc10 code [0x00000000028bbda0, 0x00000000028bc108]
Event: 4.819 Thread 0x0000000018658800 1601       3       java.lang.reflect.Constructor::newInstance (87 bytes)
Event: 4.819 Thread 0x0000000018658800 nmethod 1601 0x00000000028b53d0 code [0x00000000028b55c0, 0x00000000028b5ce8]
Event: 4.820 Thread 0x0000000018658800 1602       3       sun.reflect.DelegatingConstructorAccessorImpl::newInstance (9 bytes)
Event: 4.820 Thread 0x0000000018658800 nmethod 1602 0x00000000028b4f90 code [0x00000000028b5100, 0x00000000028b5328]
Event: 4.829 Thread 0x0000000018658800 1603       3       gnu.trove.TObjectHash::computeHashCode (13 bytes)
Event: 4.829 Thread 0x0000000018658800 nmethod 1603 0x00000000028b4ad0 code [0x00000000028b4c40, 0x00000000028b4ec8]

GC Heap History (4 events):
Event: 1.984 GC heap before
{Heap before GC invocations=1 (full 0):
 PSYoungGen      total 37888K, used 32768K [0x00000000d6780000, 0x00000000d9180000, 0x0000000100000000)
  eden space 32768K, 100% used [0x00000000d6780000,0x00000000d8780000,0x00000000d8780000)
  from space 5120K, 0% used [0x00000000d8c80000,0x00000000d8c80000,0x00000000d9180000)
  to   space 5120K, 0% used [0x00000000d8780000,0x00000000d8780000,0x00000000d8c80000)
 ParOldGen       total 86016K, used 0K [0x0000000083600000, 0x0000000088a00000, 0x00000000d6780000)
  object space 86016K, 0% used [0x0000000083600000,0x0000000083600000,0x0000000088a00000)
 Metaspace       used 10155K, capacity 10346K, committed 10496K, reserved 1058816K
  class space    used 1107K, capacity 1179K, committed 1280K, reserved 1048576K
Event: 1.995 GC heap after
Heap after GC invocations=1 (full 0):
 PSYoungGen      total 37888K, used 5114K [0x00000000d6780000, 0x00000000d9180000, 0x0000000100000000)
  eden space 32768K, 0% used [0x00000000d6780000,0x00000000d6780000,0x00000000d8780000)
  from space 5120K, 99% used [0x00000000d8780000,0x00000000d8c7e910,0x00000000d8c80000)
  to   space 5120K, 0% used [0x00000000d8c80000,0x00000000d8c80000,0x00000000d9180000)
 ParOldGen       total 86016K, used 2429K [0x0000000083600000, 0x0000000088a00000, 0x00000000d6780000)
  object space 86016K, 2% used [0x0000000083600000,0x000000008385f538,0x0000000088a00000)
 Metaspace       used 10155K, capacity 10346K, committed 10496K, reserved 1058816K
  class space    used 1107K, capacity 1179K, committed 1280K, reserved 1048576K
}
Event: 3.335 GC heap before
{Heap before GC invocations=2 (full 0):
 PSYoungGen      total 37888K, used 37882K [0x00000000d6780000, 0x00000000d9180000, 0x0000000100000000)
  eden space 32768K, 100% used [0x00000000d6780000,0x00000000d8780000,0x00000000d8780000)
  from space 5120K, 99% used [0x00000000d8780000,0x00000000d8c7e910,0x00000000d8c80000)
  to   space 5120K, 0% used [0x00000000d8c80000,0x00000000d8c80000,0x00000000d9180000)
 ParOldGen       total 86016K, used 2429K [0x0000000083600000, 0x0000000088a00000, 0x00000000d6780000)
  object space 86016K, 2% used [0x0000000083600000,0x000000008385f538,0x0000000088a00000)
 Metaspace       used 16064K, capacity 16280K, committed 16640K, reserved 1064960K
  class space    used 1879K, capacity 1966K, committed 2048K, reserved 1048576K
Event: 3.357 GC heap after
Heap after GC invocations=2 (full 0):
 PSYoungGen      total 37888K, used 5116K [0x00000000d6780000, 0x00000000db180000, 0x0000000100000000)
  eden space 32768K, 0% used [0x00000000d6780000,0x00000000d6780000,0x00000000d8780000)
  from space 5120K, 99% used [0x00000000d8c80000,0x00000000d917f108,0x00000000d9180000)
  to   space 5120K, 0% used [0x00000000d8780000,0x00000000d8780000,0x00000000d8c80000)
 ParOldGen       total 86016K, used 7250K [0x0000000083600000, 0x0000000088a00000, 0x00000000d6780000)
  object space 86016K, 8% used [0x0000000083600000,0x0000000083d14ae0,0x0000000088a00000)
 Metaspace       used 16064K, capacity 16280K, committed 16640K, reserved 1064960K
  class space    used 1879K, capacity 1966K, committed 2048K, reserved 1048576K
}

Deoptimization events (10 events):
Event: 3.417 Thread 0x0000000002243000 Uncommon trap: reason=class_check action=maybe_recompile pc=0x000000000277bb40 method=java.util.Collections$UnmodifiableCollection.size()I @ 4
Event: 3.589 Thread 0x0000000002243000 Uncommon trap: reason=class_check action=maybe_recompile pc=0x000000000277bb40 method=java.util.Collections$UnmodifiableCollection.size()I @ 4
Event: 3.589 Thread 0x0000000002243000 Uncommon trap: reason=class_check action=maybe_recompile pc=0x000000000278526c method=java.util.Collections$UnmodifiableList.get(I)Ljava/lang/Object; @ 5
Event: 3.589 Thread 0x0000000002243000 Uncommon trap: reason=class_check action=maybe_recompile pc=0x000000000278526c method=java.util.Collections$UnmodifiableList.get(I)Ljava/lang/Object; @ 5
Event: 3.590 Thread 0x0000000002243000 Uncommon trap: reason=class_check action=maybe_recompile pc=0x000000000277bb40 method=java.util.Collections$UnmodifiableCollection.size()I @ 4
Event: 3.590 Thread 0x0000000002243000 Uncommon trap: reason=class_check action=maybe_recompile pc=0x000000000278526c method=java.util.Collections$UnmodifiableList.get(I)Ljava/lang/Object; @ 5
Event: 3.591 Thread 0x0000000002243000 Uncommon trap: reason=class_check action=maybe_recompile pc=0x000000000278526c method=java.util.Collections$UnmodifiableList.get(I)Ljava/lang/Object; @ 5
Event: 3.625 Thread 0x0000000002243000 Uncommon trap: reason=unstable_if action=reinterpret pc=0x000000000263cc2c method=sun.misc.MetaIndex.mayContain(Ljava/lang/String;)Z @ 38
Event: 3.627 Thread 0x0000000002243000 Uncommon trap: reason=unstable_if action=reinterpret pc=0x000000000261aab8 method=sun.misc.MetaIndex.mayContain(Ljava/lang/String;)Z @ 38
Event: 3.743 Thread 0x0000000002243000 Uncommon trap: reason=unstable_if action=reinterpret pc=0x000000000288fb9c method=java.util.Arrays.equals([B[B)Z @ 2

Classes redefined (0 events):
No events

Internal exceptions (10 events):
Event: 0.838 Thread 0x0000000002243000 Exception <a 'java/lang/NoSuchFieldError': method resolution failed> (0x00000000d6b124d8) thrown at [C:\re\workspace\8-2-build-windows-amd64-cygwin\jdk8u221\13320\hotspot\src\share\vm\prims\methodHandles.cpp, line 1167]
Event: 1.433 Thread 0x0000000002243000 Exception <a 'java/security/PrivilegedActionException'> (0x00000000d77281c0) thrown at [C:\re\workspace\8-2-build-windows-amd64-cygwin\jdk8u221\13320\hotspot\src\share\vm\prims\jvm.cpp, line 1502]
Event: 1.433 Thread 0x0000000002243000 Exception <a 'java/security/PrivilegedActionException'> (0x00000000d77285b8) thrown at [C:\re\workspace\8-2-build-windows-amd64-cygwin\jdk8u221\13320\hotspot\src\share\vm\prims\jvm.cpp, line 1502]
Event: 1.434 Thread 0x0000000002243000 Exception <a 'java/security/PrivilegedActionException'> (0x00000000d772ca80) thrown at [C:\re\workspace\8-2-build-windows-amd64-cygwin\jdk8u221\13320\hotspot\src\share\vm\prims\jvm.cpp, line 1502]
Event: 1.434 Thread 0x0000000002243000 Exception <a 'java/security/PrivilegedActionException'> (0x00000000d772ce78) thrown at [C:\re\workspace\8-2-build-windows-amd64-cygwin\jdk8u221\13320\hotspot\src\share\vm\prims\jvm.cpp, line 1502]
Event: 1.904 Thread 0x0000000002243000 Exception <a 'java/lang/ArrayIndexOutOfBoundsException'> (0x00000000d84e7a00) thrown at [C:\re\workspace\8-2-build-windows-amd64-cygwin\jdk8u221\13320\hotspot\src\share\vm\runtime\sharedRuntime.cpp, line 605]
Event: 2.274 Thread 0x0000000002243000 Exception <a 'java/lang/ArrayIndexOutOfBoundsException'> (0x00000000d6f28398) thrown at [C:\re\workspace\8-2-build-windows-amd64-cygwin\jdk8u221\13320\hotspot\src\share\vm\runtime\sharedRuntime.cpp, line 605]
Event: 3.416 Thread 0x0000000002243000 Exception <a 'java/lang/NoSuchMethodError': java.lang.Object.lambda$comparing$77a9974f$1(Ljava/util/function/Function;Ljava/lang/Object;Ljava/lang/Object;)I> (0x00000000d696a850) thrown at [C:\re\workspace\8-2-build-windows-amd64-cygwin\jdk8u221\13320\hot
Event: 3.461 Thread 0x0000000002243000 Exception <a 'java/lang/NoSuchMethodError': java.lang.Object.lambda$static$0()J> (0x00000000d6ab7a28) thrown at [C:\re\workspace\8-2-build-windows-amd64-cygwin\jdk8u221\13320\hotspot\src\share\vm\interpreter\linkResolver.cpp, line 620]
Event: 4.502 Thread 0x0000000002243000 Exception <a 'java/lang/NoSuchMethodError': java.lang.Object.lambda$static$0(I)[Lorg/jetbrains/kotlin/com/intellij/openapi/editor/event/DocumentListener;> (0x00000000d7991af8) thrown at [C:\re\workspace\8-2-build-windows-amd64-cygwin\jdk8u221\13320\hotspo

Events (10 events):
Event: 4.816 loading class org/jetbrains/kotlin/com/intellij/lang/PsiBuilder
Event: 4.817 loading class org/jetbrains/kotlin/com/intellij/lang/PsiBuilder done
Event: 4.817 loading class org/jetbrains/kotlin/com/intellij/lang/java/parser/JavaParserUtil$ParserWrapper
Event: 4.817 loading class org/jetbrains/kotlin/com/intellij/lang/java/parser/JavaParserUtil$ParserWrapper done
Event: 4.821 loading class org/jetbrains/kotlin/com/intellij/lang/jvm/JvmAnnotation
Event: 4.821 loading class org/jetbrains/kotlin/com/intellij/lang/jvm/JvmAnnotation done
Event: 4.825 loading class org/jetbrains/kotlin/com/intellij/lang/jvm/types/JvmPrimitiveTypeKind
Event: 4.825 loading class org/jetbrains/kotlin/com/intellij/lang/jvm/types/JvmPrimitiveTypeKind done
Event: 4.830 loading class org/jetbrains/kotlin/com/intellij/psi/PsiAnnotation
Event: 4.830 loading class org/jetbrains/kotlin/com/intellij/psi/PsiAnnotation done


Dynamic libraries:
0x00007ff73f5a0000 - 0x00007ff73f5d7000 	C:\Program Files\Java\jdk1.8.0_221\jre\bin\java.exe
0x00007ffb62860000 - 0x00007ffb62a50000 	C:\WINDOWS\SYSTEM32\ntdll.dll
0x00007ffb61cd0000 - 0x00007ffb61d82000 	C:\WINDOWS\System32\KERNEL32.DLL
0x00007ffb5f920000 - 0x00007ffb5fbc5000 	C:\WINDOWS\System32\KERNELBASE.dll
0x00007ffb61d90000 - 0x00007ffb61e33000 	C:\WINDOWS\System32\ADVAPI32.dll
0x00007ffb62720000 - 0x00007ffb627be000 	C:\WINDOWS\System32\msvcrt.dll
0x00007ffb61ea0000 - 0x00007ffb61f37000 	C:\WINDOWS\System32\sechost.dll
0x00007ffb60910000 - 0x00007ffb60a2f000 	C:\WINDOWS\System32\RPCRT4.dll
0x00007ffb62570000 - 0x00007ffb62704000 	C:\WINDOWS\System32\USER32.dll
0x00007ffb60760000 - 0x00007ffb60781000 	C:\WINDOWS\System32\win32u.dll
0x00007ffb623c0000 - 0x00007ffb623e6000 	C:\WINDOWS\System32\GDI32.dll
0x00007ffb5fd20000 - 0x00007ffb5feb8000 	C:\WINDOWS\System32\gdi32full.dll
0x00007ffb5f7d0000 - 0x00007ffb5f86e000 	C:\WINDOWS\System32\msvcp_win.dll
0x00007ffb5fc20000 - 0x00007ffb5fd1a000 	C:\WINDOWS\System32\ucrtbase.dll
0x00007ffb4c760000 - 0x00007ffb4c9e4000 	C:\WINDOWS\WinSxS\amd64_microsoft.windows.common-controls_6595b64144ccf1df_6.0.18362.1500_none_9e79be6de462295c\COMCTL32.dll
0x00007ffb62080000 - 0x00007ffb623b6000 	C:\WINDOWS\System32\combase.dll
0x00007ffb5fec0000 - 0x00007ffb5ff41000 	C:\WINDOWS\System32\bcryptPrimitives.dll
0x00007ffb61ca0000 - 0x00007ffb61cce000 	C:\WINDOWS\System32\IMM32.DLL
0x000000006a370000 - 0x000000006a442000 	C:\Program Files\Java\jdk1.8.0_221\jre\bin\msvcr100.dll
0x0000000069720000 - 0x0000000069fc5000 	C:\Program Files\Java\jdk1.8.0_221\jre\bin\server\jvm.dll
0x00007ffb60c90000 - 0x00007ffb60c98000 	C:\WINDOWS\System32\PSAPI.DLL
0x00007ffb4b7b0000 - 0x00007ffb4b7b9000 	C:\WINDOWS\SYSTEM32\WSOCK32.dll
0x00007ffb61f40000 - 0x00007ffb61faf000 	C:\WINDOWS\System32\WS2_32.dll
0x00007ffb5c6c0000 - 0x00007ffb5c6e4000 	C:\WINDOWS\SYSTEM32\WINMM.dll
0x00007ffb50720000 - 0x00007ffb5072a000 	C:\WINDOWS\SYSTEM32\VERSION.dll
0x00007ffb5c690000 - 0x00007ffb5c6bd000 	C:\WINDOWS\SYSTEM32\winmmbase.dll
0x00007ffb5fbd0000 - 0x00007ffb5fc1a000 	C:\WINDOWS\System32\cfgmgr32.dll
0x00007ffb5b6a0000 - 0x00007ffb5b6af000 	C:\Program Files\Java\jdk1.8.0_221\jre\bin\verify.dll
0x00007ffb5a2d0000 - 0x00007ffb5a2f9000 	C:\Program Files\Java\jdk1.8.0_221\jre\bin\java.dll
0x00007ffb5a360000 - 0x00007ffb5a376000 	C:\Program Files\Java\jdk1.8.0_221\jre\bin\zip.dll
0x00007ffb61530000 - 0x00007ffb61c18000 	C:\WINDOWS\System32\SHELL32.dll
0x00007ffb61190000 - 0x00007ffb61237000 	C:\WINDOWS\System32\shcore.dll
0x00007ffb5ffe0000 - 0x00007ffb6075b000 	C:\WINDOWS\System32\windows.storage.dll
0x00007ffb5f720000 - 0x00007ffb5f73e000 	C:\WINDOWS\System32\profapi.dll
0x00007ffb5f780000 - 0x00007ffb5f7ca000 	C:\WINDOWS\System32\powrprof.dll
0x00007ffb5f710000 - 0x00007ffb5f720000 	C:\WINDOWS\System32\UMPDC.dll
0x00007ffb61310000 - 0x00007ffb61362000 	C:\WINDOWS\System32\shlwapi.dll
0x00007ffb5f760000 - 0x00007ffb5f771000 	C:\WINDOWS\System32\kernel.appcore.dll
0x00007ffb60790000 - 0x00007ffb607a7000 	C:\WINDOWS\System32\cryptsp.dll
0x00007ffb5a320000 - 0x00007ffb5a33a000 	C:\Program Files\Java\jdk1.8.0_221\jre\bin\net.dll
0x00007ffb4e170000 - 0x00007ffb4e347000 	C:\WINDOWS\SYSTEM32\urlmon.dll
0x00007ffb4e470000 - 0x00007ffb4e717000 	C:\WINDOWS\SYSTEM32\iertutil.dll
0x00007ffb5f0c0000 - 0x00007ffb5f0cc000 	C:\WINDOWS\SYSTEM32\CRYPTBASE.DLL
0x00007ffb5eef0000 - 0x00007ffb5ef57000 	C:\WINDOWS\system32\mswsock.dll
0x00007ffb57450000 - 0x00007ffb57462000 	C:\Program Files\Java\jdk1.8.0_221\jre\bin\nio.dll

VM Arguments:
java_command: org.jetbrains.kotlin.cli.jvm.K2JVMCompiler @C:\Users\dell\Desktop\reactnative\my-task\node_modules\expo-error-recovery\android\build\20210905_7931583116073383967.compiler.options
java_class_path (initial): C:\Users\dell\.gradle\caches\modules-2\files-2.1\org.jetbrains.kotlin\kotlin-compiler-embeddable\1.4.21\87db94500aaf883536ae8c8efdee76bdc839d582\kotlin-compiler-embeddable-1.4.21.jar;C:\Users\dell\.gradle\caches\modules-2\files-2.1\org.jetbrains.kotlin\kotlin-reflect\1.4.21\748f681f4e3edbe9285ff46710c79049c70f4dfa\kotlin-reflect-1.4.21.jar;C:\Users\dell\.gradle\caches\modules-2\files-2.1\org.jetbrains.kotlin\kotlin-stdlib\1.4.21\4a668382d7c38688d3490afde93b6a113ed46698\kotlin-stdlib-1.4.21.jar;C:\Users\dell\.gradle\caches\modules-2\files-2.1\org.jetbrains.kotlin\kotlin-script-runtime\1.4.21\1247decba314790165b4fe94d09c45b09db6b07f\kotlin-script-runtime-1.4.21.jar;C:\Users\dell\.gradle\caches\modules-2\files-2.1\org.jetbrains.kotlin\kotlin-daemon-embeddable\1.4.21\bc95bcebdc871d45d9852b0c01abe9bec373bb52\kotlin-daemon-embeddable-1.4.21.jar;C:\Users\dell\.gradle\caches\modules-2\files-2.1\org.jetbrains.intellij.deps\trove4j\1.0.20181211\216c2e14b070f334479d800987affe4054cd563f\trove4j-1.0.20181211.jar;C:\Users\dell\.gradle\caches\modules-2\files-2.1\org.jetbrains.kotlin\kotlin-stdlib-common\1.4.21\7f48a062aa4b53215998780f7c245a4276828e1d\kotlin-stdlib-common-1.4.21.jar;C:\Users\dell\.gradle\caches\modules-2\files-2.1\org.jetbrains\annotations\13.0\919f0dfe192fb4e063e7dacadee7f8bb9a2672a9\annotations-13.0.jar;C:\Program Files\Java\jdk1.8.0_221\lib\tools.jar
Launcher Type: SUN_STANDARD

Environment Variables:
JAVA_HOME=C:\Program Files\Java\jdk1.8.0_221
CLASSPATH=C:\Users\dell\Desktop\reactnative\my-task\android\\gradle\wrapper\gradle-wrapper.jar
PATH=C:\Users\dell\Desktop\reactnative\my-task\android\node_modules\.bin;C:\Users\dell\Desktop\reactnative\my-task\node_modules\.bin;C:\Users\dell\Desktop\reactnative\node_modules\.bin;C:\Users\dell\Desktop\node_modules\.bin;C:\Users\dell\node_modules\.bin;C:\Users\node_modules\.bin;C:\node_modules\.bin;C:\Program Files\nodejs;C:\Python27\;C:\Python27\Scripts;C:\Program Files\Java\jdk-10\bin;C:\Program Files\Java\jre-10\bin;C:\WINDOWS\system32;C:\WINDOWS;C:\WINDOWS\System32\Wbem;C:\WINDOWS\System32\WindowsPowerShell\v1.0\;C:\WINDOWS\System32\OpenSSH\;C:\ProgramData\chocolatey\bin;C:\Program Files\Java\jdk1.8.0_221\bin;C:\Users\dell\AppData\Local\Android\Sdk\platforms;C:\Users\dell\AppData\Local\Android\Sdk\platform-tools;D:\flutter_windows_1.17.1-stable\flutter;C:\Program Files\Git\cmd;C:\Program Files\nodejs\;C:\Users\dell\AppData\Local\Programs\Python\Python36-32;C:\Program Files\Java\jdk-10\bin;C:\Program Files\Java\jre-10\bin;C:\Users\dell\AppData\Local\Programs\Microsoft VS Code\bin;C:\Users\dell\Desktop\Microsoft VS Code\bin;C:\Users\dell\AppData\Local\Microsoft\WindowsApps;E:\flutter_windows_1.17.1-stable\flutter\bin;E:\jdk-14.0.1\bin;C:\Users\dell\AppData\Roaming\npm;C:\Users\dell\AppData\Local\Programs\Python\Python36-32;C:\Users\dell\AppData\Local\GitHubDesktop\bin
USERNAME=dell
OS=Windows_NT
PROCESSOR_IDENTIFIER=Intel64 Family 6 Model 142 Stepping 9, GenuineIntel



---------------  S Y S T E M  ---------------

OS: Windows 10.0 , 64 bit Build 18362 (10.0.18362.1500)

CPU:total 4 (initial active 4) (2 cores per cpu, 2 threads per core) family 6 model 142 stepping 9, cmov, cx8, fxsr, mmx, sse, sse2, sse3, ssse3, sse4.1, sse4.2, popcnt, aes, clmul, erms, 3dnowpref, lzcnt, ht, tsc, tscinvbit

Memory: 4k page, physical 8161964k(454464k free), swap 14305944k(532k free)

vm_info: Java HotSpot(TM) 64-Bit Server VM (25.221-b11) for windows-amd64 JRE (1.8.0_221-b11), built on Jul  4 2019 04:39:29 by "java_re" with MS VC++ 10.0 (VS2010)

time: Sun Sep 05 22:34:45 2021
timezone: India Standard Time
elapsed time: 5 seconds (0d 0h 0m 5s)

